<?xml version="1.0" encoding="UTF-8"?>
<!-- Generated by org.testng.reporters.JUnitReportReporter -->
<testsuite skipped="0" hostname="karlaXD" name="de.letsbulidacompiler.compiler.CompilerTest" tests="14" failures="0" timestamp="13 out 2017 16:52:18 GMT" time="1.549" errors="0">
  <testcase name="runningCode_outputExpectedText" time="0.072" classname="de.letsbulidacompiler.compiler.CompilerTest"/>
  <testcase name="runningCode_outputExpectedText" time="0.117" classname="de.letsbulidacompiler.compiler.CompilerTest"/>
  <testcase name="runningCode_outputExpectedText" time="0.108" classname="de.letsbulidacompiler.compiler.CompilerTest"/>
  <testcase name="runningCode_outputExpectedText" time="0.094" classname="de.letsbulidacompiler.compiler.CompilerTest"/>
  <testcase name="runningCode_outputExpectedText" time="0.101" classname="de.letsbulidacompiler.compiler.CompilerTest"/>
  <testcase name="runningCode_outputExpectedText" time="0.097" classname="de.letsbulidacompiler.compiler.CompilerTest"/>
  <testcase name="runningCode_outputExpectedText" time="0.099" classname="de.letsbulidacompiler.compiler.CompilerTest"/>
  <testcase name="runningCode_outputExpectedText" time="0.084" classname="de.letsbulidacompiler.compiler.CompilerTest"/>
  <testcase name="runningCode_outputExpectedText" time="0.110" classname="de.letsbulidacompiler.compiler.CompilerTest"/>
  <testcase name="runningCode_outputExpectedText" time="0.111" classname="de.letsbulidacompiler.compiler.CompilerTest"/>
  <testcase name="runningCode_outputExpectedText" time="0.094" classname="de.letsbulidacompiler.compiler.CompilerTest"/>
  <testcase name="runningCode_outputExpectedText" time="0.106" classname="de.letsbulidacompiler.compiler.CompilerTest"/>
  <testcase name="runningCode_outputExpectedText" time="0.094" classname="de.letsbulidacompiler.compiler.CompilerTest"/>
  <testcase name="runningCode_outputExpectedText" time="0.262" classname="de.letsbulidacompiler.compiler.CompilerTest"/>
</testsuite> <!-- de.letsbulidacompiler.compiler.CompilerTest -->
