<?xml version="1.0" encoding="UTF-8"?>
<!-- Generated by org.testng.reporters.JUnitReportReporter -->
<testsuite skipped="0" hostname="karlaXD" name="de.letsbulidacompiler.compiler.CompilerTest" tests="26" failures="0" timestamp="16 out 2017 21:25:31 GMT" time="1.526" errors="0">
  <testcase name="runningCode_outputExpectedText" time="0.062" classname="de.letsbulidacompiler.compiler.CompilerTest"/>
  <testcase name="compilingCode_throwsUndefinedFunctionException_whenCallingUndefinedFunction" time="0.003" classname="de.letsbulidacompiler.compiler.CompilerTest"/>
  <testcase name="runningCode_outputExpectedText" time="0.059" classname="de.letsbulidacompiler.compiler.CompilerTest"/>
  <testcase name="runningCode_outputExpectedText" time="0.063" classname="de.letsbulidacompiler.compiler.CompilerTest"/>
  <testcase name="compilingCode_throwsUndeclaredVariableException_ifWrintingUndefinedVariable" time="0.015" classname="de.letsbulidacompiler.compiler.CompilerTest"/>
  <testcase name="runningCode_outputExpectedText" time="0.062" classname="de.letsbulidacompiler.compiler.CompilerTest"/>
  <testcase name="runningCode_outputExpectedText" time="0.056" classname="de.letsbulidacompiler.compiler.CompilerTest"/>
  <testcase name="runningCode_outputExpectedText" time="0.175" classname="de.letsbulidacompiler.compiler.CompilerTest"/>
  <testcase name="runningCode_outputExpectedText" time="0.062" classname="de.letsbulidacompiler.compiler.CompilerTest"/>
  <testcase name="runningCode_outputExpectedText" time="0.066" classname="de.letsbulidacompiler.compiler.CompilerTest"/>
  <testcase name="compilingCode_throwsVariableAlreadyDefinedException_whenDefiningAlreadyDefinedVariable" time="0.003" classname="de.letsbulidacompiler.compiler.CompilerTest"/>
  <testcase name="runningCode_outputExpectedText" time="0.066" classname="de.letsbulidacompiler.compiler.CompilerTest"/>
  <testcase name="runningCode_outputExpectedText" time="0.059" classname="de.letsbulidacompiler.compiler.CompilerTest"/>
  <testcase name="runningCode_outputExpectedText" time="0.059" classname="de.letsbulidacompiler.compiler.CompilerTest"/>
  <testcase name="runningCode_outputExpectedText" time="0.067" classname="de.letsbulidacompiler.compiler.CompilerTest"/>
  <testcase name="compilingCode_throwsUndeclaredVariableException_ifReadingUndefinedVariable" time="0.006" classname="de.letsbulidacompiler.compiler.CompilerTest"/>
  <testcase name="runningCode_outputExpectedText" time="0.060" classname="de.letsbulidacompiler.compiler.CompilerTest"/>
  <testcase name="runningCode_outputExpectedText" time="0.059" classname="de.letsbulidacompiler.compiler.CompilerTest"/>
  <testcase name="compilingCode_throwsFunctionAlreadyDefinedException_whenDefiningFunctionTwice" time="0.096" classname="de.letsbulidacompiler.compiler.CompilerTest"/>
  <testcase name="runningCode_outputExpectedText" time="0.056" classname="de.letsbulidacompiler.compiler.CompilerTest"/>
  <testcase name="runningCode_outputExpectedText" time="0.060" classname="de.letsbulidacompiler.compiler.CompilerTest"/>
  <testcase name="runningCode_outputExpectedText" time="0.061" classname="de.letsbulidacompiler.compiler.CompilerTest"/>
  <testcase name="runningCode_outputExpectedText" time="0.073" classname="de.letsbulidacompiler.compiler.CompilerTest"/>
  <testcase name="runningCode_outputExpectedText" time="0.060" classname="de.letsbulidacompiler.compiler.CompilerTest"/>
  <testcase name="runningCode_outputExpectedText" time="0.058" classname="de.letsbulidacompiler.compiler.CompilerTest"/>
  <testcase name="runningCode_outputExpectedText" time="0.060" classname="de.letsbulidacompiler.compiler.CompilerTest"/>
</testsuite> <!-- de.letsbulidacompiler.compiler.CompilerTest -->
