<?xml version="1.0" encoding="UTF-8"?>
<!-- Generated by org.testng.reporters.JUnitReportReporter -->
<testsuite skipped="0" hostname="karlaXD" name="de.letsbulidacompiler.compiler.CompilerTest" tests="21" failures="0" timestamp="16 out 2017 16:52:19 GMT" time="1.450" errors="0">
  <testcase name="runningCode_outputExpectedText" time="0.078" classname="de.letsbulidacompiler.compiler.CompilerTest"/>
  <testcase name="runningCode_outputExpectedText" time="0.072" classname="de.letsbulidacompiler.compiler.CompilerTest"/>
  <testcase name="runningCode_outputExpectedText" time="0.062" classname="de.letsbulidacompiler.compiler.CompilerTest"/>
  <testcase name="runningCode_outputExpectedText" time="0.067" classname="de.letsbulidacompiler.compiler.CompilerTest"/>
  <testcase name="compilingCode_throwsUndeclaredVariableException_ifWrintingUndefinedVariable" time="0.004" classname="de.letsbulidacompiler.compiler.CompilerTest"/>
  <testcase name="runningCode_outputExpectedText" time="0.066" classname="de.letsbulidacompiler.compiler.CompilerTest"/>
  <testcase name="runningCode_outputExpectedText" time="0.163" classname="de.letsbulidacompiler.compiler.CompilerTest"/>
  <testcase name="runningCode_outputExpectedText" time="0.062" classname="de.letsbulidacompiler.compiler.CompilerTest"/>
  <testcase name="runningCode_outputExpectedText" time="0.062" classname="de.letsbulidacompiler.compiler.CompilerTest"/>
  <testcase name="runningCode_outputExpectedText" time="0.060" classname="de.letsbulidacompiler.compiler.CompilerTest"/>
  <testcase name="compilingCode_throwsUndeclaredVariableException_ifReadingUndefinedVariable" time="0.079" classname="de.letsbulidacompiler.compiler.CompilerTest"/>
  <testcase name="runningCode_outputExpectedText" time="0.068" classname="de.letsbulidacompiler.compiler.CompilerTest"/>
  <testcase name="runningCode_outputExpectedText" time="0.068" classname="de.letsbulidacompiler.compiler.CompilerTest"/>
  <testcase name="runningCode_outputExpectedText" time="0.097" classname="de.letsbulidacompiler.compiler.CompilerTest"/>
  <testcase name="compilingCode_throwsVariableAlreadyDefinedException_whenDefiningAlreadyDefinedVariable" time="0.002" classname="de.letsbulidacompiler.compiler.CompilerTest"/>
  <testcase name="runningCode_outputExpectedText" time="0.059" classname="de.letsbulidacompiler.compiler.CompilerTest"/>
  <testcase name="runningCode_outputExpectedText" time="0.066" classname="de.letsbulidacompiler.compiler.CompilerTest"/>
  <testcase name="runningCode_outputExpectedText" time="0.076" classname="de.letsbulidacompiler.compiler.CompilerTest"/>
  <testcase name="runningCode_outputExpectedText" time="0.098" classname="de.letsbulidacompiler.compiler.CompilerTest"/>
  <testcase name="runningCode_outputExpectedText" time="0.062" classname="de.letsbulidacompiler.compiler.CompilerTest"/>
  <testcase name="runningCode_outputExpectedText" time="0.079" classname="de.letsbulidacompiler.compiler.CompilerTest"/>
</testsuite> <!-- de.letsbulidacompiler.compiler.CompilerTest -->
